<?xml version="1.0" encoding="UTF-8"?>
<testng-results ignored="0" total="1" passed="1" failed="0" skipped="0">
  <reporter-output>
  </reporter-output>
  <suite started-at="2022-11-20T08:19:38 IST" name="Default suite" finished-at="2022-11-20T08:20:30 IST" duration-ms="51414">
    <groups>
    </groups>
    <test started-at="2022-11-20T08:19:38 IST" name="Default test" finished-at="2022-11-20T08:20:30 IST" duration-ms="51414">
      <class name="com.dividend.test.DividendsRetrival">
        <test-method signature="GetDividendData()[pri:0, instance:com.dividend.test.DividendsRetrival@355ce81c]" started-at="2022-11-20T08:19:38 IST" name="GetDividendData" finished-at="2022-11-20T08:20:30 IST" duration-ms="51356" status="PASS">
          <reporter-output>
          </reporter-output>
        </test-method> <!-- GetDividendData -->
      </class> <!-- com.dividend.test.DividendsRetrival -->
    </test> <!-- Default test -->
  </suite> <!-- Default suite -->
</testng-results>
